<?xml version="1.0" encoding="UTF-8"?>
<!-- Generated by org.testng.reporters.JUnitXMLReporter -->
<testsuite ignored="0" hostname="Sonika" failures="1" tests="5" name=" Error Validation Test" time="20.834" errors="0" timestamp="2026-09-10T12:34:07 IST">
  <testcase classname="tests.LoginErrorValidationTest" name="LoginErrorValidation" time="0.602">
    <skipped/>
  </testcase> <!-- LoginErrorValidation -->
  <testcase classname="tests.LoginErrorValidationTest" name="LoginErrorValidation" time="0.69">
    <skipped/>
  </testcase> <!-- LoginErrorValidation -->
  <testcase classname="tests.LoginErrorValidationTest" name="LoginErrorValidation" time="0.615">
    <skipped/>
  </testcase> <!-- LoginErrorValidation -->
  <testcase classname="tests.LoginErrorValidationTest" name="LoginErrorValidation" time="0.539">
    <failure type="java.lang.AssertionError" message="expected [Incorrect email  password.] but found [Incorrect email or password.]">
      <![CDATA[java.lang.AssertionError: expected [Incorrect email  password.] but found [Incorrect email or password.]
at tests.LoginErrorValidationTest.LoginErrorValidation(LoginErrorValidationTest.java:36)
at java.base/java.util.ArrayList.forEach(ArrayList.java:1596)
at java.base/java.util.concurrent.FutureTask.run(FutureTask.java:317)
at java.base/java.util.concurrent.ThreadPoolExecutor.runWorker(ThreadPoolExecutor.java:1144)
at java.base/java.util.concurrent.ThreadPoolExecutor$Worker.run(ThreadPoolExecutor.java:642)
at java.base/java.lang.Thread.run(Thread.java:1583)
... Removed 21 stack frames]]>
    </failure>
  </testcase> <!-- LoginErrorValidation -->
  <testcase classname="tests.LoginErrorValidationTest" name="ProductMatchValidation" time="3.447"/>
</testsuite> <!--  Error Validation Test -->
