<?xml version="1.0" encoding="UTF-8"?>
<!-- Generated by org.testng.reporters.JUnitXMLReporter -->
<testsuite ignored="0" hostname="Sonika" failures="0" tests="3" name=" Submit Order Test" time="17.681" errors="0" timestamp="2026-09-10T12:34:04 IST">
  <testcase classname="tests.SubmitOrderTest" name="submitOrder" time="4.083"/>
  <testcase classname="tests.SubmitOrderTest" name="submitOrder" time="3.979"/>
  <testcase classname="tests.SubmitOrderTest" name="oderHistory" time="1.198"/>
</testsuite> <!--  Submit Order Test -->
