<?xml version="1.0" encoding="UTF-8"?>
<!-- Generated by org.testng.reporters.JUnitReportReporter -->
<testsuite hostname="Sonika" failures="0" tests="3" name="tests.SubmitOrderTest" time="17.441" errors="0" timestamp="2026-09-10T12:34:07 IST" skipped="0">
  <testcase classname="tests.SubmitOrderTest" name="submitOrder" time="6.477"/>
  <testcase classname="tests.SubmitOrderTest" name="oderHistory" time="3.336"/>
  <testcase classname="tests.SubmitOrderTest" name="submitOrder" time="7.628"/>
</testsuite> <!-- tests.SubmitOrderTest -->
